[2025-07-09 15:38:27,103 : INFO : main : Welcome to CNN Classifier]
[2025-07-09 17:09:25,009 : INFO : common : yaml file: config\config.yaml loaded successfully]
[2025-07-09 17:09:25,012 : INFO : common : yaml file: params.yaml loaded successfully]
[2025-07-09 17:09:25,013 : INFO : common : created directory at: artifacts]
[2025-07-09 17:09:25,014 : INFO : common : created directory at: artifacts/data_ingestion]
[2025-07-09 17:09:25,016 : INFO : 36341839 : Downloading data from https://drive.google.com/file/d/1z0mreUtmRmT-P-magILsDR3T7MG1KGXtY/view?usp=sharing into file artifacts/data_ingestion/data.zip]
[2025-07-09 17:11:11,467 : INFO : common : yaml file: config\config.yaml loaded successfully]
[2025-07-09 17:11:11,468 : INFO : common : yaml file: params.yaml loaded successfully]
[2025-07-09 17:11:11,470 : INFO : common : created directory at: artifacts]
[2025-07-09 17:11:11,471 : INFO : common : created directory at: artifacts/data_ingestion]
[2025-07-09 17:11:11,471 : INFO : 36341839 : Downloading data from https://drive.google.com/uc?id=1z0mreUtmRmT-P-magILsDR3T7MG1KGXtY into file artifacts/data_ingestion/data.zip]
[2025-07-09 17:12:36,562 : INFO : common : yaml file: config\config.yaml loaded successfully]
[2025-07-09 17:12:36,563 : INFO : common : yaml file: params.yaml loaded successfully]
[2025-07-09 17:12:36,565 : INFO : common : created directory at: artifacts]
[2025-07-09 17:12:36,565 : INFO : common : created directory at: artifacts/data_ingestion]
[2025-07-09 17:12:36,566 : INFO : 36341839 : Downloading data from https://drive.google.com/uc?id=1z0mreUtmRmT-P-magILsDR3T7MG1KGXtY into file artifacts/data_ingestion/data.zip]
[2025-07-09 17:15:06,439 : INFO : common : yaml file: config\config.yaml loaded successfully]
[2025-07-09 17:15:06,440 : INFO : common : yaml file: params.yaml loaded successfully]
[2025-07-09 17:15:06,441 : INFO : common : created directory at: artifacts]
[2025-07-09 17:15:06,442 : INFO : common : created directory at: artifacts/data_ingestion]
[2025-07-09 17:15:06,443 : INFO : 36341839 : Downloading data from https://drive.google.com/uc?id=1z0mreUtmRmT-P-magILsDR3T7MG1KGXtY into file artifacts/data_ingestion/data.zip]
[2025-07-09 17:16:04,686 : INFO : common : yaml file: config\config.yaml loaded successfully]
[2025-07-09 17:16:04,688 : INFO : common : yaml file: params.yaml loaded successfully]
[2025-07-09 17:16:04,689 : INFO : common : created directory at: artifacts]
[2025-07-09 17:16:04,689 : INFO : common : created directory at: artifacts/data_ingestion]
[2025-07-09 17:16:39,440 : INFO : common : yaml file: config\config.yaml loaded successfully]
[2025-07-09 17:16:39,442 : INFO : common : yaml file: params.yaml loaded successfully]
[2025-07-09 17:16:39,442 : INFO : common : created directory at: artifacts]
[2025-07-09 17:16:39,444 : INFO : common : created directory at: artifacts/data_ingestion]
[2025-07-09 17:34:00,233 : INFO : main : >>>>>> stage Data Ingestion Stage started <<<<<<]
[2025-07-09 17:34:00,235 : INFO : common : yaml file: config\config.yaml loaded successfully]
[2025-07-09 17:34:00,235 : INFO : common : yaml file: params.yaml loaded successfully]
[2025-07-09 17:34:00,237 : INFO : common : created directory at: artifacts]
[2025-07-09 17:34:00,238 : INFO : common : created directory at: artifacts/data_ingestion]
[2025-07-09 17:34:00,238 : ERROR : main : [Errno 2] No such file or directory: 'artifacts/data_ingestion/data.zip']
Traceback (most recent call last):
  File "C:\Users\sohai\OneDrive - National University of Sciences & Technology\Desktop\proj\End-to-End-Chest-Cancer-Classification-using-MLflow-DVC\main.py", line 10, in <module>
    obj.main()
  File "c:\users\sohai\onedrive - national university of sciences & technology\desktop\proj\end-to-end-chest-cancer-classification-using-mlflow-dvc\src\cnnClassifier\pipeline\stage_01_data_ingestion.py", line 16, in main
    data_ingestion.extract_zip_file()
  File "c:\users\sohai\onedrive - national university of sciences & technology\desktop\proj\end-to-end-chest-cancer-classification-using-mlflow-dvc\src\cnnClassifier\components\data_ingestion.py", line 41, in extract_zip_file
    with zipfile.ZipFile(self.config.local_data_file, 'r') as zip_ref:
         ^^^^^^^^^^^^^^^^^^^^^^^^^^^^^^^^^^^^^^^^^^^^^^^^^
  File "C:\Program Files\WindowsApps\PythonSoftwareFoundation.Python.3.11_3.11.2544.0_x64__qbz5n2kfra8p0\Lib\zipfile.py", line 1294, in __init__
    self.fp = io.open(file, filemode)
              ^^^^^^^^^^^^^^^^^^^^^^^
FileNotFoundError: [Errno 2] No such file or directory: 'artifacts/data_ingestion/data.zip'
[2025-07-13 17:02:01,611 : INFO : common : yaml file: config\config.yaml loaded successfully]
[2025-07-13 17:02:01,614 : INFO : common : yaml file: params.yaml loaded successfully]
[2025-07-13 17:02:01,615 : INFO : common : created directory at: artifacts]
[2025-07-13 17:02:01,616 : INFO : common : created directory at: artifacts/prepare_base_model]
[2025-07-13 17:02:44,857 : INFO : common : yaml file: config\config.yaml loaded successfully]
[2025-07-13 17:02:44,861 : INFO : common : yaml file: params.yaml loaded successfully]
[2025-07-13 17:02:44,861 : INFO : common : created directory at: artifacts]
[2025-07-13 17:02:44,863 : INFO : common : created directory at: artifacts/prepare_base_model]
[2025-07-13 17:03:52,857 : INFO : common : yaml file: config\config.yaml loaded successfully]
[2025-07-13 17:03:52,860 : INFO : common : yaml file: params.yaml loaded successfully]
[2025-07-13 17:03:52,861 : INFO : common : created directory at: artifacts]
[2025-07-13 17:03:52,861 : INFO : common : created directory at: artifacts/prepare_base_model]
[2025-07-13 17:04:57,752 : INFO : common : yaml file: config\config.yaml loaded successfully]
[2025-07-13 17:04:57,754 : INFO : common : yaml file: params.yaml loaded successfully]
[2025-07-13 17:04:57,755 : INFO : common : created directory at: artifacts]
[2025-07-13 17:04:57,757 : INFO : common : created directory at: artifacts/prepare_base_model]
[2025-07-13 17:05:06,133 : WARNING : saving_utils : Compiled the loaded model, but the compiled metrics have yet to be built. `model.compile_metrics` will be empty until you train or evaluate the model.]
[2025-07-13 17:29:49,760 : INFO : main : >>>>>> stage Data Ingestion Stage started <<<<<<]
[2025-07-13 17:29:49,761 : INFO : common : yaml file: config\config.yaml loaded successfully]
[2025-07-13 17:29:49,763 : INFO : common : yaml file: params.yaml loaded successfully]
[2025-07-13 17:29:49,763 : INFO : common : created directory at: artifacts]
[2025-07-13 17:29:49,763 : INFO : common : created directory at: artifacts/data_ingestion]
[2025-07-13 17:29:50,188 : INFO : main : >>>>>> stage Data Ingestion Stage completed <<<<<<

x==========x]
[2025-07-13 17:29:50,188 : INFO : main : ***********************]
[2025-07-13 17:29:50,188 : INFO : main : >>>>>>> stage Prepare base model started <<<<<<<]
[2025-07-13 17:29:50,189 : INFO : common : yaml file: config\config.yaml loaded successfully]
[2025-07-13 17:29:50,190 : INFO : common : yaml file: params.yaml loaded successfully]
[2025-07-13 17:29:50,191 : INFO : common : created directory at: artifacts]
[2025-07-13 17:29:50,191 : INFO : common : created directory at: artifacts/prepare_base_model]
[2025-07-13 17:29:50,534 : WARNING : saving_utils : Compiled the loaded model, but the compiled metrics have yet to be built. `model.compile_metrics` will be empty until you train or evaluate the model.]
[2025-07-13 17:29:50,687 : INFO : main : >>>>>>> stage Prepare base model completed <<<<<<<

x==========x]
[2025-07-13 19:16:36,080 : INFO : common : yaml file: config\config.yaml loaded successfully]
[2025-07-13 19:16:36,081 : INFO : common : yaml file: params.yaml loaded successfully]
[2025-07-13 19:16:36,083 : INFO : common : created directory at: artifacts]
[2025-07-13 19:17:44,660 : INFO : common : yaml file: config\config.yaml loaded successfully]
[2025-07-13 19:17:44,663 : INFO : common : yaml file: params.yaml loaded successfully]
[2025-07-13 19:17:44,664 : INFO : common : created directory at: artifacts]
[2025-07-13 19:17:46,422 : INFO : common : yaml file: config\config.yaml loaded successfully]
[2025-07-13 19:17:46,424 : INFO : common : yaml file: params.yaml loaded successfully]
[2025-07-13 19:17:46,426 : INFO : common : created directory at: artifacts]
[2025-07-13 19:18:42,798 : INFO : common : yaml file: config\config.yaml loaded successfully]
[2025-07-13 19:18:42,800 : INFO : common : yaml file: params.yaml loaded successfully]
[2025-07-13 19:18:42,802 : INFO : common : created directory at: artifacts]
[2025-07-13 19:20:17,372 : INFO : common : yaml file: config\config.yaml loaded successfully]
[2025-07-13 19:20:17,375 : INFO : common : yaml file: params.yaml loaded successfully]
[2025-07-13 19:20:17,376 : INFO : common : created directory at: artifacts]
[2025-07-13 19:22:09,112 : INFO : common : yaml file: config\config.yaml loaded successfully]
[2025-07-13 19:22:09,114 : INFO : common : yaml file: params.yaml loaded successfully]
[2025-07-13 19:22:09,115 : INFO : common : created directory at: artifacts]
[2025-07-13 19:22:09,116 : INFO : common : created directory at: artifacts\training]
[2025-07-13 19:23:26,322 : INFO : common : yaml file: config\config.yaml loaded successfully]
[2025-07-13 19:23:26,324 : INFO : common : yaml file: params.yaml loaded successfully]
[2025-07-13 19:23:26,326 : INFO : common : created directory at: artifacts]
[2025-07-13 19:23:26,327 : INFO : common : created directory at: artifacts\training]
[2025-07-13 19:24:47,989 : INFO : common : yaml file: config\config.yaml loaded successfully]
[2025-07-13 19:24:47,991 : INFO : common : yaml file: params.yaml loaded successfully]
[2025-07-13 19:24:47,992 : INFO : common : created directory at: artifacts]
[2025-07-13 19:24:47,994 : INFO : common : created directory at: artifacts\training]
[2025-07-13 19:27:14,087 : INFO : common : yaml file: config\config.yaml loaded successfully]
[2025-07-13 19:27:14,089 : INFO : common : yaml file: params.yaml loaded successfully]
[2025-07-13 19:27:14,092 : INFO : common : created directory at: artifacts]
[2025-07-13 19:27:14,093 : INFO : common : created directory at: artifacts\training]
[2025-07-13 19:28:11,752 : INFO : common : yaml file: config\config.yaml loaded successfully]
[2025-07-13 19:28:11,754 : INFO : common : yaml file: params.yaml loaded successfully]
[2025-07-13 19:28:11,755 : INFO : common : created directory at: artifacts]
[2025-07-13 19:28:11,756 : INFO : common : created directory at: artifacts\training]
[2025-07-13 19:39:57,661 : INFO : main : >>>>>> stage Data Ingestion Stage started <<<<<<]
[2025-07-13 19:39:57,664 : INFO : common : yaml file: config\config.yaml loaded successfully]
[2025-07-13 19:39:57,666 : INFO : common : yaml file: params.yaml loaded successfully]
[2025-07-13 19:39:57,667 : INFO : common : created directory at: artifacts]
[2025-07-13 19:39:57,668 : INFO : common : created directory at: artifacts/data_ingestion]
[2025-07-13 19:39:58,729 : INFO : main : >>>>>> stage Data Ingestion Stage completed <<<<<<

x==========x]
[2025-07-13 19:39:58,729 : INFO : main : ***********************]
[2025-07-13 19:39:58,730 : INFO : main : >>>>>>> stage Prepare base model started <<<<<<<]
[2025-07-13 19:39:58,732 : INFO : common : yaml file: config\config.yaml loaded successfully]
[2025-07-13 19:39:58,735 : INFO : common : yaml file: params.yaml loaded successfully]
[2025-07-13 19:39:58,736 : INFO : common : created directory at: artifacts]
[2025-07-13 19:39:58,738 : INFO : common : created directory at: artifacts/prepare_base_model]
[2025-07-13 19:39:59,492 : WARNING : saving_utils : Compiled the loaded model, but the compiled metrics have yet to be built. `model.compile_metrics` will be empty until you train or evaluate the model.]
[2025-07-13 19:39:59,837 : INFO : main : >>>>>>> stage Prepare base model completed <<<<<<<

x==========x]
[2025-07-13 19:39:59,838 : INFO : main : ***********************]
[2025-07-13 19:39:59,838 : INFO : main : >>>>>>> stage Training started <<<<<<<]
[2025-07-13 19:39:59,840 : INFO : common : yaml file: config\config.yaml loaded successfully]
[2025-07-13 19:39:59,843 : INFO : common : yaml file: params.yaml loaded successfully]
[2025-07-13 19:39:59,844 : INFO : common : created directory at: artifacts]
[2025-07-13 19:39:59,846 : INFO : common : created directory at: artifacts\training]
[2025-07-13 19:40:35,480 : INFO : main : >>>>>>> stage Training completed <<<<<<<

x==========x]
[2025-07-13 20:21:45,694 : INFO : common : yaml file: config\config.yaml loaded successfully]
[2025-07-13 20:21:45,701 : INFO : common : yaml file: params.yaml loaded successfully]
[2025-07-13 20:21:45,704 : INFO : common : created directory at: artifacts]
[2025-07-13 20:21:57,612 : INFO : common : json file saved at: scores.json]
[2025-07-13 20:22:02,404 : WARNING : save : Found untraced functions such as _jit_compiled_convolution_op, _jit_compiled_convolution_op, _jit_compiled_convolution_op, _jit_compiled_convolution_op, _jit_compiled_convolution_op while saving (showing 5 of 14). These functions will not be directly callable after loading.]
[2025-07-13 20:22:03,714 : INFO : builder_impl : Assets written to: C:\Users\sohai\AppData\Local\Temp\tmp9pr0bspk\model\data\model\assets]
[2025-07-13 20:26:39,016 : INFO : common : yaml file: config\config.yaml loaded successfully]
[2025-07-13 20:26:39,022 : INFO : common : yaml file: params.yaml loaded successfully]
[2025-07-13 20:26:39,025 : INFO : common : created directory at: artifacts]
[2025-07-13 20:26:50,847 : INFO : common : json file saved at: scores.json]
[2025-07-13 20:26:55,352 : WARNING : save : Found untraced functions such as _jit_compiled_convolution_op, _jit_compiled_convolution_op, _jit_compiled_convolution_op, _jit_compiled_convolution_op, _jit_compiled_convolution_op while saving (showing 5 of 14). These functions will not be directly callable after loading.]
[2025-07-13 20:26:56,479 : INFO : builder_impl : Assets written to: C:\Users\sohai\AppData\Local\Temp\tmpyoh9oksd\model\data\model\assets]
[2025-07-13 22:28:55,118 : INFO : common : yaml file: config\config.yaml loaded successfully]
[2025-07-13 22:28:55,121 : INFO : common : yaml file: params.yaml loaded successfully]
[2025-07-13 22:28:55,122 : INFO : common : created directory at: artifacts]
[2025-07-13 22:29:02,256 : INFO : common : json file saved at: scores.json]
[2025-07-13 22:29:04,523 : WARNING : save : Found untraced functions such as _jit_compiled_convolution_op, _jit_compiled_convolution_op, _jit_compiled_convolution_op, _jit_compiled_convolution_op, _jit_compiled_convolution_op while saving (showing 5 of 14). These functions will not be directly callable after loading.]
[2025-07-13 22:29:04,957 : INFO : builder_impl : Assets written to: C:\Users\sohai\AppData\Local\Temp\tmphgy7sr59\model\data\model\assets]
[2025-07-13 22:42:56,985 : INFO : common : yaml file: config\config.yaml loaded successfully]
[2025-07-13 22:42:56,989 : INFO : common : yaml file: params.yaml loaded successfully]
[2025-07-13 22:42:56,991 : INFO : common : created directory at: artifacts]
[2025-07-13 22:43:05,415 : INFO : common : json file saved at: scores.json]
[2025-07-13 22:43:07,915 : WARNING : save : Found untraced functions such as _jit_compiled_convolution_op, _jit_compiled_convolution_op, _jit_compiled_convolution_op, _jit_compiled_convolution_op, _jit_compiled_convolution_op while saving (showing 5 of 14). These functions will not be directly callable after loading.]
[2025-07-13 22:43:08,399 : INFO : builder_impl : Assets written to: C:\Users\sohai\AppData\Local\Temp\tmp8hwkej50\model\data\model\assets]
[2025-07-13 22:47:30,033 : INFO : common : yaml file: config\config.yaml loaded successfully]
[2025-07-13 22:47:30,036 : INFO : common : yaml file: params.yaml loaded successfully]
[2025-07-13 22:47:30,037 : INFO : common : created directory at: artifacts]
[2025-07-13 22:47:37,020 : INFO : common : json file saved at: scores.json]
[2025-07-13 22:47:38,935 : WARNING : save : Found untraced functions such as _jit_compiled_convolution_op, _jit_compiled_convolution_op, _jit_compiled_convolution_op, _jit_compiled_convolution_op, _jit_compiled_convolution_op while saving (showing 5 of 14). These functions will not be directly callable after loading.]
[2025-07-13 22:47:39,351 : INFO : builder_impl : Assets written to: C:\Users\sohai\AppData\Local\Temp\tmp8mhmitwu\model\data\model\assets]
[2025-07-13 22:53:40,374 : INFO : common : yaml file: config\config.yaml loaded successfully]
[2025-07-13 22:53:40,377 : INFO : common : yaml file: params.yaml loaded successfully]
[2025-07-13 22:53:40,378 : INFO : common : created directory at: artifacts]
[2025-07-13 22:53:47,867 : INFO : common : json file saved at: scores.json]
[2025-07-13 22:53:50,317 : WARNING : save : Found untraced functions such as _jit_compiled_convolution_op, _jit_compiled_convolution_op, _jit_compiled_convolution_op, _jit_compiled_convolution_op, _jit_compiled_convolution_op while saving (showing 5 of 14). These functions will not be directly callable after loading.]
[2025-07-13 22:53:50,791 : INFO : builder_impl : Assets written to: C:\Users\sohai\AppData\Local\Temp\tmpqxxf736l\model\data\model\assets]
[2025-07-13 22:58:15,816 : INFO : common : yaml file: config\config.yaml loaded successfully]
[2025-07-13 22:58:15,818 : INFO : common : yaml file: params.yaml loaded successfully]
[2025-07-13 22:58:15,819 : INFO : common : created directory at: artifacts]
[2025-07-13 22:58:22,940 : INFO : common : json file saved at: scores.json]
[2025-07-13 22:58:25,470 : WARNING : save : Found untraced functions such as _jit_compiled_convolution_op, _jit_compiled_convolution_op, _jit_compiled_convolution_op, _jit_compiled_convolution_op, _jit_compiled_convolution_op while saving (showing 5 of 14). These functions will not be directly callable after loading.]
[2025-07-13 22:58:25,934 : INFO : builder_impl : Assets written to: C:\Users\sohai\AppData\Local\Temp\tmpqwpo24o_\model\data\model\assets]
[2025-07-14 11:16:13,555 : INFO : main : >>>>>> stage Data Ingestion Stage started <<<<<<]
[2025-07-14 11:16:13,559 : INFO : common : yaml file: config\config.yaml loaded successfully]
[2025-07-14 11:16:13,561 : INFO : common : yaml file: params.yaml loaded successfully]
[2025-07-14 11:16:13,563 : INFO : common : created directory at: artifacts]
[2025-07-14 11:16:13,564 : INFO : common : created directory at: artifacts/data_ingestion]
[2025-07-14 11:16:14,295 : INFO : main : >>>>>> stage Data Ingestion Stage completed <<<<<<

x==========x]
[2025-07-14 11:16:14,296 : INFO : main : ***********************]
[2025-07-14 11:16:14,296 : INFO : main : >>>>>>> stage Prepare base model started <<<<<<<]
[2025-07-14 11:16:14,299 : INFO : common : yaml file: config\config.yaml loaded successfully]
[2025-07-14 11:16:14,302 : INFO : common : yaml file: params.yaml loaded successfully]
[2025-07-14 11:16:14,303 : INFO : common : created directory at: artifacts]
[2025-07-14 11:16:14,304 : INFO : common : created directory at: artifacts/prepare_base_model]
[2025-07-14 11:16:14,993 : WARNING : saving_utils : Compiled the loaded model, but the compiled metrics have yet to be built. `model.compile_metrics` will be empty until you train or evaluate the model.]
[2025-07-14 11:16:15,251 : INFO : main : >>>>>>> stage Prepare base model completed <<<<<<<

x==========x]
[2025-07-14 11:16:15,253 : INFO : main : ***********************]
[2025-07-14 11:16:15,253 : INFO : main : >>>>>>> stage Training started <<<<<<<]
[2025-07-14 11:16:15,255 : INFO : common : yaml file: config\config.yaml loaded successfully]
[2025-07-14 11:16:15,258 : INFO : common : yaml file: params.yaml loaded successfully]
[2025-07-14 11:16:15,258 : INFO : common : created directory at: artifacts]
[2025-07-14 11:16:15,259 : INFO : common : created directory at: artifacts\training]
[2025-07-14 11:16:49,987 : INFO : main : >>>>>>> stage Training completed <<<<<<<

x==========x]
[2025-07-14 11:16:49,988 : INFO : main : ***********************]
[2025-07-14 11:16:49,988 : INFO : main : >>>>>>> stage Evaluation stage started <<<<<<<]
[2025-07-14 11:16:49,991 : INFO : common : yaml file: config\config.yaml loaded successfully]
[2025-07-14 11:16:49,993 : INFO : common : yaml file: params.yaml loaded successfully]
[2025-07-14 11:16:49,995 : INFO : common : created directory at: artifacts]
[2025-07-14 11:17:00,969 : INFO : common : json file saved at: scores.json]
[2025-07-14 11:17:00,970 : INFO : common : json file saved at: scores.json]
[2025-07-14 11:17:03,496 : WARNING : save : Found untraced functions such as _jit_compiled_convolution_op, _jit_compiled_convolution_op, _jit_compiled_convolution_op, _jit_compiled_convolution_op, _jit_compiled_convolution_op while saving (showing 5 of 14). These functions will not be directly callable after loading.]
[2025-07-14 11:17:04,397 : INFO : builder_impl : Assets written to: C:\Users\sohai\AppData\Local\Temp\tmp_m7k30kb\model\data\model\assets]
[2025-07-14 11:17:20,712 : INFO : main : >>>>>>> stage Evaluation stage completed <<<<<<<

x==========x]
[2025-07-14 11:20:11,187 : INFO : main : >>>>>> stage Data Ingestion Stage started <<<<<<]
[2025-07-14 11:20:11,190 : INFO : common : yaml file: config\config.yaml loaded successfully]
[2025-07-14 11:20:11,193 : INFO : common : yaml file: params.yaml loaded successfully]
[2025-07-14 11:20:11,194 : INFO : common : created directory at: artifacts]
[2025-07-14 11:20:11,194 : INFO : common : created directory at: artifacts/data_ingestion]
[2025-07-14 11:20:11,914 : INFO : main : >>>>>> stage Data Ingestion Stage completed <<<<<<

x==========x]
[2025-07-14 11:20:11,915 : INFO : main : ***********************]
[2025-07-14 11:20:11,915 : INFO : main : >>>>>>> stage Prepare base model started <<<<<<<]
[2025-07-14 11:20:11,917 : INFO : common : yaml file: config\config.yaml loaded successfully]
[2025-07-14 11:20:11,920 : INFO : common : yaml file: params.yaml loaded successfully]
[2025-07-14 11:20:11,921 : INFO : common : created directory at: artifacts]
[2025-07-14 11:20:11,921 : INFO : common : created directory at: artifacts/prepare_base_model]
[2025-07-14 11:20:12,567 : WARNING : saving_utils : Compiled the loaded model, but the compiled metrics have yet to be built. `model.compile_metrics` will be empty until you train or evaluate the model.]
[2025-07-14 11:20:12,911 : INFO : main : >>>>>>> stage Prepare base model completed <<<<<<<

x==========x]
[2025-07-14 11:20:12,911 : INFO : main : ***********************]
[2025-07-14 11:20:12,911 : INFO : main : >>>>>>> stage Training started <<<<<<<]
[2025-07-14 11:20:12,915 : INFO : common : yaml file: config\config.yaml loaded successfully]
[2025-07-14 11:20:12,918 : INFO : common : yaml file: params.yaml loaded successfully]
[2025-07-14 11:20:12,919 : INFO : common : created directory at: artifacts]
[2025-07-14 11:20:12,919 : INFO : common : created directory at: artifacts\training]
[2025-07-14 11:20:46,669 : INFO : main : >>>>>>> stage Training completed <<<<<<<

x==========x]
[2025-07-14 11:20:46,670 : INFO : main : ***********************]
[2025-07-14 11:20:46,670 : INFO : main : >>>>>>> stage Evaluation stage started <<<<<<<]
[2025-07-14 11:20:46,673 : INFO : common : yaml file: config\config.yaml loaded successfully]
[2025-07-14 11:20:46,675 : INFO : common : yaml file: params.yaml loaded successfully]
[2025-07-14 11:20:46,676 : INFO : common : created directory at: artifacts]
[2025-07-14 11:20:57,416 : INFO : common : json file saved at: scores.json]
[2025-07-14 11:20:57,417 : INFO : common : json file saved at: scores.json]
[2025-07-14 11:20:59,996 : WARNING : save : Found untraced functions such as _jit_compiled_convolution_op, _jit_compiled_convolution_op, _jit_compiled_convolution_op, _jit_compiled_convolution_op, _jit_compiled_convolution_op while saving (showing 5 of 14). These functions will not be directly callable after loading.]
[2025-07-14 11:21:01,043 : INFO : builder_impl : Assets written to: C:\Users\sohai\AppData\Local\Temp\tmp9axhqebo\model\data\model\assets]
[2025-07-14 11:21:17,662 : INFO : main : >>>>>>> stage Evaluation stage completed <<<<<<<

x==========x]
[2025-07-14 11:33:12,674 : INFO : main : >>>>>> stage Data Ingestion Stage started <<<<<<]
[2025-07-14 11:33:12,677 : INFO : common : yaml file: config\config.yaml loaded successfully]
[2025-07-14 11:33:12,680 : INFO : common : yaml file: params.yaml loaded successfully]
[2025-07-14 11:33:12,680 : INFO : common : created directory at: artifacts]
[2025-07-14 11:33:12,681 : INFO : common : created directory at: artifacts/data_ingestion]
[2025-07-14 11:33:13,439 : INFO : main : >>>>>> stage Data Ingestion Stage completed <<<<<<

x==========x]
[2025-07-14 11:33:13,439 : INFO : main : ***********************]
[2025-07-14 11:33:13,440 : INFO : main : >>>>>>> stage Prepare base model started <<<<<<<]
[2025-07-14 11:33:13,442 : INFO : common : yaml file: config\config.yaml loaded successfully]
[2025-07-14 11:33:13,444 : INFO : common : yaml file: params.yaml loaded successfully]
[2025-07-14 11:33:13,445 : INFO : common : created directory at: artifacts]
[2025-07-14 11:33:13,446 : INFO : common : created directory at: artifacts/prepare_base_model]
[2025-07-14 11:33:14,059 : WARNING : saving_utils : Compiled the loaded model, but the compiled metrics have yet to be built. `model.compile_metrics` will be empty until you train or evaluate the model.]
[2025-07-14 11:33:14,355 : INFO : main : >>>>>>> stage Prepare base model completed <<<<<<<

x==========x]
[2025-07-14 11:33:14,356 : INFO : main : ***********************]
[2025-07-14 11:33:14,356 : INFO : main : >>>>>>> stage Training started <<<<<<<]
[2025-07-14 11:33:14,358 : INFO : common : yaml file: config\config.yaml loaded successfully]
[2025-07-14 11:33:14,361 : INFO : common : yaml file: params.yaml loaded successfully]
[2025-07-14 11:33:14,361 : INFO : common : created directory at: artifacts]
[2025-07-14 11:33:14,362 : INFO : common : created directory at: artifacts\training]
[2025-07-14 11:33:44,441 : INFO : main : >>>>>>> stage Training completed <<<<<<<

x==========x]
[2025-07-14 11:33:44,441 : INFO : main : ***********************]
[2025-07-14 11:33:44,441 : INFO : main : >>>>>>> stage Evaluation stage started <<<<<<<]
[2025-07-14 11:33:44,444 : INFO : common : yaml file: config\config.yaml loaded successfully]
[2025-07-14 11:33:44,446 : INFO : common : yaml file: params.yaml loaded successfully]
[2025-07-14 11:33:44,447 : INFO : common : created directory at: artifacts]
[2025-07-14 11:33:54,047 : INFO : common : json file saved at: scores.json]
[2025-07-14 11:33:54,048 : INFO : common : json file saved at: scores.json]
[2025-07-14 11:33:56,059 : WARNING : save : Found untraced functions such as _jit_compiled_convolution_op, _jit_compiled_convolution_op, _jit_compiled_convolution_op, _jit_compiled_convolution_op, _jit_compiled_convolution_op while saving (showing 5 of 14). These functions will not be directly callable after loading.]
[2025-07-14 11:33:56,869 : INFO : builder_impl : Assets written to: C:\Users\sohai\AppData\Local\Temp\tmpim493no0\model\data\model\assets]
[2025-07-14 11:34:12,725 : INFO : main : >>>>>>> stage Evaluation stage completed <<<<<<<

x==========x]
[2025-07-14 11:38:53,023 : INFO : main : >>>>>> stage Data Ingestion Stage started <<<<<<]
[2025-07-14 11:38:53,027 : INFO : common : yaml file: config\config.yaml loaded successfully]
[2025-07-14 11:38:53,030 : INFO : common : yaml file: params.yaml loaded successfully]
[2025-07-14 11:38:53,031 : INFO : common : created directory at: artifacts]
[2025-07-14 11:38:53,032 : INFO : common : created directory at: artifacts/data_ingestion]
[2025-07-14 11:38:53,861 : INFO : main : >>>>>> stage Data Ingestion Stage completed <<<<<<

x==========x]
[2025-07-14 11:38:53,862 : INFO : main : ***********************]
[2025-07-14 11:38:53,862 : INFO : main : >>>>>>> stage Prepare base model started <<<<<<<]
[2025-07-14 11:38:53,866 : INFO : common : yaml file: config\config.yaml loaded successfully]
[2025-07-14 11:38:53,869 : INFO : common : yaml file: params.yaml loaded successfully]
[2025-07-14 11:38:53,870 : INFO : common : created directory at: artifacts]
[2025-07-14 11:38:53,871 : INFO : common : created directory at: artifacts/prepare_base_model]
[2025-07-14 11:38:54,591 : WARNING : saving_utils : Compiled the loaded model, but the compiled metrics have yet to be built. `model.compile_metrics` will be empty until you train or evaluate the model.]
[2025-07-14 11:38:54,869 : INFO : main : >>>>>>> stage Prepare base model completed <<<<<<<

x==========x]
[2025-07-14 11:38:54,869 : INFO : main : ***********************]
[2025-07-14 11:38:54,869 : INFO : main : >>>>>>> stage Training started <<<<<<<]
[2025-07-14 11:38:54,872 : INFO : common : yaml file: config\config.yaml loaded successfully]
[2025-07-14 11:38:54,874 : INFO : common : yaml file: params.yaml loaded successfully]
[2025-07-14 11:38:54,875 : INFO : common : created directory at: artifacts]
[2025-07-14 11:38:54,876 : INFO : common : created directory at: artifacts\training]
[2025-07-14 11:39:24,894 : INFO : main : >>>>>>> stage Training completed <<<<<<<

x==========x]
[2025-07-14 11:39:24,895 : INFO : main : ***********************]
[2025-07-14 11:39:24,895 : INFO : main : >>>>>>> stage Evaluation stage started <<<<<<<]
[2025-07-14 11:39:24,898 : INFO : common : yaml file: config\config.yaml loaded successfully]
[2025-07-14 11:39:24,900 : INFO : common : yaml file: params.yaml loaded successfully]
[2025-07-14 11:39:24,901 : INFO : common : created directory at: artifacts]
[2025-07-14 11:39:34,609 : INFO : common : json file saved at: scores.json]
[2025-07-14 11:39:34,610 : INFO : common : json file saved at: scores.json]
[2025-07-14 11:39:36,649 : WARNING : save : Found untraced functions such as _jit_compiled_convolution_op, _jit_compiled_convolution_op, _jit_compiled_convolution_op, _jit_compiled_convolution_op, _jit_compiled_convolution_op while saving (showing 5 of 14). These functions will not be directly callable after loading.]
[2025-07-14 11:39:37,494 : INFO : builder_impl : Assets written to: C:\Users\sohai\AppData\Local\Temp\tmpaqxhvxkl\model\data\model\assets]
[2025-07-14 11:39:53,161 : INFO : main : >>>>>>> stage Evaluation stage completed <<<<<<<

x==========x]
[2025-07-14 11:43:23,826 : INFO : main : >>>>>> stage Data Ingestion Stage started <<<<<<]
[2025-07-14 11:43:23,830 : INFO : common : yaml file: config\config.yaml loaded successfully]
[2025-07-14 11:43:23,833 : INFO : common : yaml file: params.yaml loaded successfully]
[2025-07-14 11:43:23,833 : INFO : common : created directory at: artifacts]
[2025-07-14 11:43:23,834 : INFO : common : created directory at: artifacts/data_ingestion]
[2025-07-14 11:43:24,597 : INFO : main : >>>>>> stage Data Ingestion Stage completed <<<<<<

x==========x]
[2025-07-14 11:43:24,597 : INFO : main : ***********************]
[2025-07-14 11:43:24,597 : INFO : main : >>>>>>> stage Prepare base model started <<<<<<<]
[2025-07-14 11:43:24,600 : INFO : common : yaml file: config\config.yaml loaded successfully]
[2025-07-14 11:43:24,602 : INFO : common : yaml file: params.yaml loaded successfully]
[2025-07-14 11:43:24,603 : INFO : common : created directory at: artifacts]
[2025-07-14 11:43:24,603 : INFO : common : created directory at: artifacts/prepare_base_model]
[2025-07-14 11:43:25,237 : WARNING : saving_utils : Compiled the loaded model, but the compiled metrics have yet to be built. `model.compile_metrics` will be empty until you train or evaluate the model.]
[2025-07-14 11:43:25,501 : INFO : main : >>>>>>> stage Prepare base model completed <<<<<<<

x==========x]
[2025-07-14 11:43:25,502 : INFO : main : ***********************]
[2025-07-14 11:43:25,502 : INFO : main : >>>>>>> stage Training started <<<<<<<]
[2025-07-14 11:43:25,504 : INFO : common : yaml file: config\config.yaml loaded successfully]
[2025-07-14 11:43:25,506 : INFO : common : yaml file: params.yaml loaded successfully]
[2025-07-14 11:43:25,507 : INFO : common : created directory at: artifacts]
[2025-07-14 11:43:25,508 : INFO : common : created directory at: artifacts\training]
[2025-07-14 11:43:57,992 : INFO : main : >>>>>>> stage Training completed <<<<<<<

x==========x]
[2025-07-14 11:43:57,992 : INFO : main : ***********************]
[2025-07-14 11:43:57,993 : INFO : main : >>>>>>> stage Evaluation stage started <<<<<<<]
[2025-07-14 11:43:57,996 : INFO : common : yaml file: config\config.yaml loaded successfully]
[2025-07-14 11:43:57,999 : INFO : common : yaml file: params.yaml loaded successfully]
[2025-07-14 11:43:57,999 : INFO : common : created directory at: artifacts]
[2025-07-14 11:44:08,530 : INFO : common : json file saved at: scores.json]
[2025-07-14 11:44:08,532 : INFO : common : json file saved at: scores.json]
[2025-07-14 11:44:10,753 : WARNING : save : Found untraced functions such as _jit_compiled_convolution_op, _jit_compiled_convolution_op, _jit_compiled_convolution_op, _jit_compiled_convolution_op, _jit_compiled_convolution_op while saving (showing 5 of 14). These functions will not be directly callable after loading.]
[2025-07-14 11:44:11,625 : INFO : builder_impl : Assets written to: C:\Users\sohai\AppData\Local\Temp\tmpx7ae4ikj\model\data\model\assets]
[2025-07-14 11:44:27,697 : INFO : main : >>>>>>> stage Evaluation stage completed <<<<<<<

x==========x]
[2025-07-14 11:45:54,480 : INFO : main : >>>>>> stage Data Ingestion Stage started <<<<<<]
[2025-07-14 11:45:54,483 : INFO : common : yaml file: config\config.yaml loaded successfully]
[2025-07-14 11:45:54,485 : INFO : common : yaml file: params.yaml loaded successfully]
[2025-07-14 11:45:54,487 : INFO : common : created directory at: artifacts]
[2025-07-14 11:45:54,487 : INFO : common : created directory at: artifacts/data_ingestion]
[2025-07-14 11:45:55,285 : INFO : main : >>>>>> stage Data Ingestion Stage completed <<<<<<

x==========x]
[2025-07-14 11:45:55,286 : INFO : main : ***********************]
[2025-07-14 11:45:55,286 : INFO : main : >>>>>>> stage Prepare base model started <<<<<<<]
[2025-07-14 11:45:55,289 : INFO : common : yaml file: config\config.yaml loaded successfully]
[2025-07-14 11:45:55,292 : INFO : common : yaml file: params.yaml loaded successfully]
[2025-07-14 11:45:55,293 : INFO : common : created directory at: artifacts]
[2025-07-14 11:45:55,294 : INFO : common : created directory at: artifacts/prepare_base_model]
[2025-07-14 11:45:56,001 : WARNING : saving_utils : Compiled the loaded model, but the compiled metrics have yet to be built. `model.compile_metrics` will be empty until you train or evaluate the model.]
[2025-07-14 11:45:56,290 : INFO : main : >>>>>>> stage Prepare base model completed <<<<<<<

x==========x]
[2025-07-14 11:45:56,290 : INFO : main : ***********************]
[2025-07-14 11:45:56,290 : INFO : main : >>>>>>> stage Training started <<<<<<<]
[2025-07-14 11:45:56,293 : INFO : common : yaml file: config\config.yaml loaded successfully]
[2025-07-14 11:45:56,295 : INFO : common : yaml file: params.yaml loaded successfully]
[2025-07-14 11:45:56,296 : INFO : common : created directory at: artifacts]
[2025-07-14 11:45:56,297 : INFO : common : created directory at: artifacts\training]
[2025-07-14 11:46:28,772 : INFO : main : >>>>>>> stage Training completed <<<<<<<

x==========x]
[2025-07-14 11:46:28,772 : INFO : main : ***********************]
[2025-07-14 11:46:28,773 : INFO : main : >>>>>>> stage Evaluation stage started <<<<<<<]
[2025-07-14 11:46:28,776 : INFO : common : yaml file: config\config.yaml loaded successfully]
[2025-07-14 11:46:28,781 : INFO : common : yaml file: params.yaml loaded successfully]
[2025-07-14 11:46:28,783 : INFO : common : created directory at: artifacts]
[2025-07-14 11:46:39,654 : INFO : common : json file saved at: scores.json]
[2025-07-14 11:46:39,655 : INFO : common : json file saved at: scores.json]
[2025-07-14 11:46:42,233 : WARNING : save : Found untraced functions such as _jit_compiled_convolution_op, _jit_compiled_convolution_op, _jit_compiled_convolution_op, _jit_compiled_convolution_op, _jit_compiled_convolution_op while saving (showing 5 of 14). These functions will not be directly callable after loading.]
[2025-07-14 11:46:43,123 : INFO : builder_impl : Assets written to: C:\Users\sohai\AppData\Local\Temp\tmpu53j0zw4\model\data\model\assets]
[2025-07-14 11:46:59,192 : INFO : main : >>>>>>> stage Evaluation stage completed <<<<<<<

x==========x]
[2025-07-14 11:49:53,891 : INFO : main : >>>>>> stage Data Ingestion Stage started <<<<<<]
[2025-07-14 11:49:53,894 : INFO : common : yaml file: config\config.yaml loaded successfully]
[2025-07-14 11:49:53,896 : INFO : common : yaml file: params.yaml loaded successfully]
[2025-07-14 11:49:53,897 : INFO : common : created directory at: artifacts]
[2025-07-14 11:49:53,898 : INFO : common : created directory at: artifacts/data_ingestion]
[2025-07-14 11:49:54,560 : INFO : main : >>>>>> stage Data Ingestion Stage completed <<<<<<

x==========x]
[2025-07-14 11:49:54,560 : INFO : main : ***********************]
[2025-07-14 11:49:54,560 : INFO : main : >>>>>>> stage Prepare base model started <<<<<<<]
[2025-07-14 11:49:54,563 : INFO : common : yaml file: config\config.yaml loaded successfully]
[2025-07-14 11:49:54,565 : INFO : common : yaml file: params.yaml loaded successfully]
[2025-07-14 11:49:54,566 : INFO : common : created directory at: artifacts]
[2025-07-14 11:49:54,567 : INFO : common : created directory at: artifacts/prepare_base_model]
[2025-07-14 11:49:55,156 : WARNING : saving_utils : Compiled the loaded model, but the compiled metrics have yet to be built. `model.compile_metrics` will be empty until you train or evaluate the model.]
[2025-07-14 11:49:55,421 : INFO : main : >>>>>>> stage Prepare base model completed <<<<<<<

x==========x]
[2025-07-14 11:49:55,422 : INFO : main : ***********************]
[2025-07-14 11:49:55,422 : INFO : main : >>>>>>> stage Training started <<<<<<<]
[2025-07-14 11:49:55,424 : INFO : common : yaml file: config\config.yaml loaded successfully]
[2025-07-14 11:49:55,428 : INFO : common : yaml file: params.yaml loaded successfully]
[2025-07-14 11:49:55,429 : INFO : common : created directory at: artifacts]
[2025-07-14 11:49:55,430 : INFO : common : created directory at: artifacts\training]
[2025-07-14 11:50:25,375 : INFO : main : >>>>>>> stage Training completed <<<<<<<

x==========x]
[2025-07-14 11:50:25,375 : INFO : main : ***********************]
[2025-07-14 11:50:25,376 : INFO : main : >>>>>>> stage Evaluation stage started <<<<<<<]
[2025-07-14 11:50:25,378 : INFO : common : yaml file: config\config.yaml loaded successfully]
[2025-07-14 11:50:25,381 : INFO : common : yaml file: params.yaml loaded successfully]
[2025-07-14 11:50:25,381 : INFO : common : created directory at: artifacts]
[2025-07-14 11:50:34,948 : INFO : common : json file saved at: scores.json]
[2025-07-14 11:50:34,949 : INFO : common : json file saved at: scores.json]
[2025-07-14 11:50:37,112 : WARNING : save : Found untraced functions such as _jit_compiled_convolution_op, _jit_compiled_convolution_op, _jit_compiled_convolution_op, _jit_compiled_convolution_op, _jit_compiled_convolution_op while saving (showing 5 of 14). These functions will not be directly callable after loading.]
[2025-07-14 11:50:37,961 : INFO : builder_impl : Assets written to: C:\Users\sohai\AppData\Local\Temp\tmp3n5h_90z\model\data\model\assets]
[2025-07-14 11:50:53,901 : INFO : main : >>>>>>> stage Evaluation stage completed <<<<<<<

x==========x]
[2025-07-14 11:54:55,486 : INFO : main : >>>>>> stage Data Ingestion Stage started <<<<<<]
[2025-07-14 11:54:55,489 : INFO : common : yaml file: config\config.yaml loaded successfully]
[2025-07-14 11:54:55,491 : INFO : common : yaml file: params.yaml loaded successfully]
[2025-07-14 11:54:55,492 : INFO : common : created directory at: artifacts]
[2025-07-14 11:54:55,493 : INFO : common : created directory at: artifacts/data_ingestion]
[2025-07-14 11:54:56,173 : INFO : main : >>>>>> stage Data Ingestion Stage completed <<<<<<

x==========x]
[2025-07-14 11:54:56,174 : INFO : main : ***********************]
[2025-07-14 11:54:56,174 : INFO : main : >>>>>>> stage Prepare base model started <<<<<<<]
[2025-07-14 11:54:56,176 : INFO : common : yaml file: config\config.yaml loaded successfully]
[2025-07-14 11:54:56,178 : INFO : common : yaml file: params.yaml loaded successfully]
[2025-07-14 11:54:56,180 : INFO : common : created directory at: artifacts]
[2025-07-14 11:54:56,181 : INFO : common : created directory at: artifacts/prepare_base_model]
[2025-07-14 11:54:56,795 : WARNING : saving_utils : Compiled the loaded model, but the compiled metrics have yet to be built. `model.compile_metrics` will be empty until you train or evaluate the model.]
[2025-07-14 11:54:57,092 : INFO : main : >>>>>>> stage Prepare base model completed <<<<<<<

x==========x]
[2025-07-14 11:54:57,093 : INFO : main : ***********************]
[2025-07-14 11:54:57,093 : INFO : main : >>>>>>> stage Training started <<<<<<<]
[2025-07-14 11:54:57,095 : INFO : common : yaml file: config\config.yaml loaded successfully]
[2025-07-14 11:54:57,098 : INFO : common : yaml file: params.yaml loaded successfully]
[2025-07-14 11:54:57,099 : INFO : common : created directory at: artifacts]
[2025-07-14 11:54:57,100 : INFO : common : created directory at: artifacts\training]
[2025-07-14 11:55:32,429 : WARNING : save : Found untraced functions such as _jit_compiled_convolution_op, _jit_compiled_convolution_op, _jit_compiled_convolution_op, _jit_compiled_convolution_op, _jit_compiled_convolution_op while saving (showing 5 of 14). These functions will not be directly callable after loading.]
[2025-07-14 11:55:33,231 : INFO : builder_impl : Assets written to: C:\Users\sohai\AppData\Local\Temp\tmpnld3vfo8\model\data\model\assets]
[2025-07-14 11:56:46,175 : INFO : main : >>>>>>> stage Training completed <<<<<<<

x==========x]
[2025-07-14 11:56:46,175 : INFO : main : ***********************]
[2025-07-14 11:56:46,175 : INFO : main : >>>>>>> stage Evaluation stage started <<<<<<<]
[2025-07-14 11:56:46,178 : INFO : common : yaml file: config\config.yaml loaded successfully]
[2025-07-14 11:56:46,180 : INFO : common : yaml file: params.yaml loaded successfully]
[2025-07-14 11:56:46,181 : INFO : common : created directory at: artifacts]
[2025-07-14 11:56:57,390 : INFO : common : json file saved at: scores.json]
[2025-07-14 11:56:57,391 : INFO : common : json file saved at: scores.json]
[2025-07-14 11:57:00,066 : WARNING : save : Found untraced functions such as _jit_compiled_convolution_op, _jit_compiled_convolution_op, _jit_compiled_convolution_op, _jit_compiled_convolution_op, _jit_compiled_convolution_op while saving (showing 5 of 14). These functions will not be directly callable after loading.]
[2025-07-14 11:57:00,825 : INFO : builder_impl : Assets written to: C:\Users\sohai\AppData\Local\Temp\tmpj8cv2ktv\model\data\model\assets]
[2025-07-14 11:58:12,741 : INFO : main : >>>>>>> stage Evaluation stage completed <<<<<<<

x==========x]
[2025-07-14 11:58:57,793 : INFO : main : >>>>>> stage Data Ingestion Stage started <<<<<<]
[2025-07-14 11:58:57,795 : INFO : common : yaml file: config\config.yaml loaded successfully]
[2025-07-14 11:58:57,798 : INFO : common : yaml file: params.yaml loaded successfully]
[2025-07-14 11:58:57,798 : INFO : common : created directory at: artifacts]
[2025-07-14 11:58:57,799 : INFO : common : created directory at: artifacts/data_ingestion]
[2025-07-14 11:58:58,485 : INFO : main : >>>>>> stage Data Ingestion Stage completed <<<<<<

x==========x]
[2025-07-14 11:58:58,485 : INFO : main : ***********************]
[2025-07-14 11:58:58,485 : INFO : main : >>>>>>> stage Prepare base model started <<<<<<<]
[2025-07-14 11:58:58,488 : INFO : common : yaml file: config\config.yaml loaded successfully]
[2025-07-14 11:58:58,490 : INFO : common : yaml file: params.yaml loaded successfully]
[2025-07-14 11:58:58,491 : INFO : common : created directory at: artifacts]
[2025-07-14 11:58:58,491 : INFO : common : created directory at: artifacts/prepare_base_model]
[2025-07-14 11:58:59,085 : WARNING : saving_utils : Compiled the loaded model, but the compiled metrics have yet to be built. `model.compile_metrics` will be empty until you train or evaluate the model.]
[2025-07-14 11:58:59,357 : INFO : main : >>>>>>> stage Prepare base model completed <<<<<<<

x==========x]
[2025-07-14 11:58:59,357 : INFO : main : ***********************]
[2025-07-14 11:58:59,357 : INFO : main : >>>>>>> stage Training started <<<<<<<]
[2025-07-14 11:58:59,361 : INFO : common : yaml file: config\config.yaml loaded successfully]
[2025-07-14 11:58:59,363 : INFO : common : yaml file: params.yaml loaded successfully]
[2025-07-14 11:58:59,364 : INFO : common : created directory at: artifacts]
[2025-07-14 11:58:59,366 : INFO : common : created directory at: artifacts\training]
[2025-07-14 11:59:30,964 : INFO : main : >>>>>>> stage Training completed <<<<<<<

x==========x]
[2025-07-14 11:59:30,964 : INFO : main : ***********************]
[2025-07-14 11:59:30,964 : INFO : main : >>>>>>> stage Evaluation stage started <<<<<<<]
[2025-07-14 11:59:30,968 : INFO : common : yaml file: config\config.yaml loaded successfully]
[2025-07-14 11:59:30,971 : INFO : common : yaml file: params.yaml loaded successfully]
[2025-07-14 11:59:30,972 : INFO : common : created directory at: artifacts]
[2025-07-14 11:59:41,409 : INFO : common : json file saved at: scores.json]
[2025-07-14 11:59:41,410 : INFO : common : json file saved at: scores.json]
[2025-07-14 11:59:44,832 : WARNING : save : Found untraced functions such as _jit_compiled_convolution_op, _jit_compiled_convolution_op, _jit_compiled_convolution_op, _jit_compiled_convolution_op, _jit_compiled_convolution_op while saving (showing 5 of 14). These functions will not be directly callable after loading.]
[2025-07-14 11:59:45,666 : INFO : builder_impl : Assets written to: C:\Users\sohai\AppData\Local\Temp\tmpya1fzk7f\model\data\model\assets]
[2025-07-14 12:00:59,026 : INFO : main : >>>>>>> stage Evaluation stage completed <<<<<<<

x==========x]
[2025-07-14 12:02:18,017 : INFO : main : >>>>>> stage Data Ingestion Stage started <<<<<<]
[2025-07-14 12:02:18,020 : INFO : common : yaml file: config\config.yaml loaded successfully]
[2025-07-14 12:02:18,022 : INFO : common : yaml file: params.yaml loaded successfully]
[2025-07-14 12:02:18,023 : INFO : common : created directory at: artifacts]
[2025-07-14 12:02:18,024 : INFO : common : created directory at: artifacts/data_ingestion]
[2025-07-14 12:02:18,769 : INFO : main : >>>>>> stage Data Ingestion Stage completed <<<<<<

x==========x]
[2025-07-14 12:02:18,770 : INFO : main : ***********************]
[2025-07-14 12:02:18,770 : INFO : main : >>>>>>> stage Prepare base model started <<<<<<<]
[2025-07-14 12:02:18,772 : INFO : common : yaml file: config\config.yaml loaded successfully]
[2025-07-14 12:02:18,775 : INFO : common : yaml file: params.yaml loaded successfully]
[2025-07-14 12:02:18,775 : INFO : common : created directory at: artifacts]
[2025-07-14 12:02:18,776 : INFO : common : created directory at: artifacts/prepare_base_model]
[2025-07-14 12:02:19,392 : WARNING : saving_utils : Compiled the loaded model, but the compiled metrics have yet to be built. `model.compile_metrics` will be empty until you train or evaluate the model.]
[2025-07-14 12:02:19,675 : INFO : main : >>>>>>> stage Prepare base model completed <<<<<<<

x==========x]
[2025-07-14 12:02:19,675 : INFO : main : ***********************]
[2025-07-14 12:02:19,675 : INFO : main : >>>>>>> stage Training started <<<<<<<]
[2025-07-14 12:02:19,678 : INFO : common : yaml file: config\config.yaml loaded successfully]
[2025-07-14 12:02:19,680 : INFO : common : yaml file: params.yaml loaded successfully]
[2025-07-14 12:02:19,681 : INFO : common : created directory at: artifacts]
[2025-07-14 12:02:19,682 : INFO : common : created directory at: artifacts\training]
[2025-07-14 12:02:51,012 : INFO : main : >>>>>>> stage Training completed <<<<<<<

x==========x]
[2025-07-14 12:02:51,013 : INFO : main : ***********************]
[2025-07-14 12:02:51,013 : INFO : main : >>>>>>> stage Evaluation stage started <<<<<<<]
[2025-07-14 12:02:51,016 : INFO : common : yaml file: config\config.yaml loaded successfully]
[2025-07-14 12:02:51,019 : INFO : common : yaml file: params.yaml loaded successfully]
[2025-07-14 12:02:51,020 : INFO : common : created directory at: artifacts]
[2025-07-14 12:03:01,733 : INFO : common : json file saved at: scores.json]
[2025-07-14 12:03:01,735 : INFO : common : json file saved at: scores.json]
[2025-07-14 12:03:05,345 : WARNING : save : Found untraced functions such as _jit_compiled_convolution_op, _jit_compiled_convolution_op, _jit_compiled_convolution_op, _jit_compiled_convolution_op, _jit_compiled_convolution_op while saving (showing 5 of 14). These functions will not be directly callable after loading.]
[2025-07-14 12:03:06,187 : INFO : builder_impl : Assets written to: C:\Users\sohai\AppData\Local\Temp\tmpuk8ckc6g\model\data\model\assets]
[2025-07-14 12:04:21,597 : INFO : main : >>>>>>> stage Evaluation stage completed <<<<<<<

x==========x]
[2025-07-14 12:05:54,542 : INFO : main : >>>>>> stage Data Ingestion Stage started <<<<<<]
[2025-07-14 12:05:54,544 : INFO : common : yaml file: config\config.yaml loaded successfully]
[2025-07-14 12:05:54,549 : INFO : common : yaml file: params.yaml loaded successfully]
[2025-07-14 12:05:54,550 : INFO : common : created directory at: artifacts]
[2025-07-14 12:05:54,551 : INFO : common : created directory at: artifacts/data_ingestion]
[2025-07-14 12:05:55,306 : INFO : main : >>>>>> stage Data Ingestion Stage completed <<<<<<

x==========x]
[2025-07-14 12:05:55,307 : INFO : main : ***********************]
[2025-07-14 12:05:55,307 : INFO : main : >>>>>>> stage Prepare base model started <<<<<<<]
[2025-07-14 12:05:55,309 : INFO : common : yaml file: config\config.yaml loaded successfully]
[2025-07-14 12:05:55,312 : INFO : common : yaml file: params.yaml loaded successfully]
[2025-07-14 12:05:55,312 : INFO : common : created directory at: artifacts]
[2025-07-14 12:05:55,313 : INFO : common : created directory at: artifacts/prepare_base_model]
[2025-07-14 12:05:55,922 : WARNING : saving_utils : Compiled the loaded model, but the compiled metrics have yet to be built. `model.compile_metrics` will be empty until you train or evaluate the model.]
[2025-07-14 12:05:56,185 : INFO : main : >>>>>>> stage Prepare base model completed <<<<<<<

x==========x]
[2025-07-14 12:05:56,185 : INFO : main : ***********************]
[2025-07-14 12:05:56,186 : INFO : main : >>>>>>> stage Training started <<<<<<<]
[2025-07-14 12:05:56,188 : INFO : common : yaml file: config\config.yaml loaded successfully]
[2025-07-14 12:05:56,190 : INFO : common : yaml file: params.yaml loaded successfully]
[2025-07-14 12:05:56,191 : INFO : common : created directory at: artifacts]
[2025-07-14 12:05:56,192 : INFO : common : created directory at: artifacts\training]
[2025-07-14 12:07:26,758 : INFO : main : >>>>>>> stage Training completed <<<<<<<

x==========x]
[2025-07-14 12:07:26,759 : INFO : main : ***********************]
[2025-07-14 12:07:26,759 : INFO : main : >>>>>>> stage Evaluation stage started <<<<<<<]
[2025-07-14 12:07:26,762 : INFO : common : yaml file: config\config.yaml loaded successfully]
[2025-07-14 12:07:26,764 : INFO : common : yaml file: params.yaml loaded successfully]
[2025-07-14 12:07:26,765 : INFO : common : created directory at: artifacts]
[2025-07-14 12:07:36,334 : INFO : common : json file saved at: scores.json]
[2025-07-14 12:07:36,335 : INFO : common : json file saved at: scores.json]
[2025-07-14 12:07:39,824 : WARNING : save : Found untraced functions such as _jit_compiled_convolution_op, _jit_compiled_convolution_op, _jit_compiled_convolution_op, _jit_compiled_convolution_op, _jit_compiled_convolution_op while saving (showing 5 of 14). These functions will not be directly callable after loading.]
[2025-07-14 12:07:40,674 : INFO : builder_impl : Assets written to: C:\Users\sohai\AppData\Local\Temp\tmpuxts71jx\model\data\model\assets]
[2025-07-14 12:09:02,858 : INFO : main : >>>>>>> stage Evaluation stage completed <<<<<<<

x==========x]
[2025-07-14 12:13:12,621 : INFO : main : >>>>>> stage Data Ingestion Stage started <<<<<<]
[2025-07-14 12:13:12,624 : INFO : common : yaml file: config\config.yaml loaded successfully]
[2025-07-14 12:13:12,626 : INFO : common : yaml file: params.yaml loaded successfully]
[2025-07-14 12:13:12,627 : INFO : common : created directory at: artifacts]
[2025-07-14 12:13:12,628 : INFO : common : created directory at: artifacts/data_ingestion]
[2025-07-14 12:13:13,302 : INFO : main : >>>>>> stage Data Ingestion Stage completed <<<<<<

x==========x]
[2025-07-14 12:13:13,303 : INFO : main : ***********************]
[2025-07-14 12:13:13,303 : INFO : main : >>>>>>> stage Prepare base model started <<<<<<<]
[2025-07-14 12:13:13,305 : INFO : common : yaml file: config\config.yaml loaded successfully]
[2025-07-14 12:13:13,308 : INFO : common : yaml file: params.yaml loaded successfully]
[2025-07-14 12:13:13,308 : INFO : common : created directory at: artifacts]
[2025-07-14 12:13:13,309 : INFO : common : created directory at: artifacts/prepare_base_model]
[2025-07-14 12:13:13,896 : WARNING : saving_utils : Compiled the loaded model, but the compiled metrics have yet to be built. `model.compile_metrics` will be empty until you train or evaluate the model.]
[2025-07-14 12:13:14,154 : INFO : main : >>>>>>> stage Prepare base model completed <<<<<<<

x==========x]
[2025-07-14 12:13:14,155 : INFO : main : ***********************]
[2025-07-14 12:13:14,155 : INFO : main : >>>>>>> stage Training started <<<<<<<]
[2025-07-14 12:13:14,157 : INFO : common : yaml file: config\config.yaml loaded successfully]
[2025-07-14 12:13:14,159 : INFO : common : yaml file: params.yaml loaded successfully]
[2025-07-14 12:13:14,160 : INFO : common : created directory at: artifacts]
[2025-07-14 12:13:14,161 : INFO : common : created directory at: artifacts\training]
[2025-07-14 12:15:13,722 : INFO : main : >>>>>>> stage Training completed <<<<<<<

x==========x]
[2025-07-14 12:15:13,723 : INFO : main : ***********************]
[2025-07-14 12:15:13,723 : INFO : main : >>>>>>> stage Evaluation stage started <<<<<<<]
[2025-07-14 12:15:13,726 : INFO : common : yaml file: config\config.yaml loaded successfully]
[2025-07-14 12:15:13,728 : INFO : common : yaml file: params.yaml loaded successfully]
[2025-07-14 12:15:13,729 : INFO : common : created directory at: artifacts]
[2025-07-14 12:15:23,283 : INFO : common : json file saved at: scores.json]
[2025-07-14 12:15:23,285 : INFO : common : json file saved at: scores.json]
[2025-07-14 12:15:26,602 : WARNING : save : Found untraced functions such as _jit_compiled_convolution_op, _jit_compiled_convolution_op, _jit_compiled_convolution_op, _jit_compiled_convolution_op, _jit_compiled_convolution_op while saving (showing 5 of 14). These functions will not be directly callable after loading.]
[2025-07-14 12:15:27,439 : INFO : builder_impl : Assets written to: C:\Users\sohai\AppData\Local\Temp\tmp6_9uvqq4\model\data\model\assets]
[2025-07-14 12:16:40,753 : INFO : main : >>>>>>> stage Evaluation stage completed <<<<<<<

x==========x]
[2025-07-14 19:03:43,357 : INFO : main : >>>>>> stage Data Ingestion Stage started <<<<<<]
[2025-07-14 19:03:43,361 : INFO : common : yaml file: config\config.yaml loaded successfully]
[2025-07-14 19:03:43,365 : INFO : common : yaml file: params.yaml loaded successfully]
[2025-07-14 19:03:43,366 : INFO : common : created directory at: artifacts]
[2025-07-14 19:03:43,369 : INFO : common : created directory at: artifacts/data_ingestion]
[2025-07-14 19:03:44,278 : INFO : main : >>>>>> stage Data Ingestion Stage completed <<<<<<

x==========x]
[2025-07-14 19:03:44,279 : INFO : main : ***********************]
[2025-07-14 19:03:44,279 : INFO : main : >>>>>>> stage Prepare base model started <<<<<<<]
[2025-07-14 19:03:44,282 : INFO : common : yaml file: config\config.yaml loaded successfully]
[2025-07-14 19:03:44,285 : INFO : common : yaml file: params.yaml loaded successfully]
[2025-07-14 19:03:44,287 : INFO : common : created directory at: artifacts]
[2025-07-14 19:03:44,288 : INFO : common : created directory at: artifacts/prepare_base_model]
[2025-07-14 19:03:45,142 : WARNING : saving_utils : Compiled the loaded model, but the compiled metrics have yet to be built. `model.compile_metrics` will be empty until you train or evaluate the model.]
[2025-07-14 19:03:45,602 : INFO : main : >>>>>>> stage Prepare base model completed <<<<<<<

x==========x]
[2025-07-14 19:03:45,603 : INFO : main : ***********************]
[2025-07-14 19:03:45,603 : INFO : main : >>>>>>> stage Training started <<<<<<<]
[2025-07-14 19:03:45,606 : INFO : common : yaml file: config\config.yaml loaded successfully]
[2025-07-14 19:03:45,609 : INFO : common : yaml file: params.yaml loaded successfully]
[2025-07-14 19:03:45,611 : INFO : common : created directory at: artifacts]
[2025-07-14 19:03:45,613 : INFO : common : created directory at: artifacts\training]
[2025-07-14 19:14:38,459 : INFO : main : >>>>>>> stage Training completed <<<<<<<

x==========x]
[2025-07-14 19:14:38,460 : INFO : main : ***********************]
[2025-07-14 19:14:38,460 : INFO : main : >>>>>>> stage Evaluation stage started <<<<<<<]
[2025-07-14 19:14:38,464 : INFO : common : yaml file: config\config.yaml loaded successfully]
[2025-07-14 19:14:38,469 : INFO : common : yaml file: params.yaml loaded successfully]
[2025-07-14 19:14:38,470 : INFO : common : created directory at: artifacts]
[2025-07-14 19:14:49,726 : INFO : common : json file saved at: scores.json]
[2025-07-14 19:14:49,727 : INFO : common : json file saved at: scores.json]
[2025-07-14 19:14:54,615 : WARNING : save : Found untraced functions such as _jit_compiled_convolution_op, _jit_compiled_convolution_op, _jit_compiled_convolution_op, _jit_compiled_convolution_op, _jit_compiled_convolution_op while saving (showing 5 of 14). These functions will not be directly callable after loading.]
[2025-07-14 19:14:55,776 : INFO : builder_impl : Assets written to: C:\Users\sohai\AppData\Local\Temp\tmp74l5clt6\model\data\model\assets]
[2025-07-14 19:16:17,112 : INFO : main : >>>>>>> stage Evaluation stage completed <<<<<<<

x==========x]
[2025-07-14 19:32:07,284 : INFO : main : >>>>>> stage Data Ingestion Stage started <<<<<<]
[2025-07-14 19:32:07,288 : INFO : common : yaml file: config\config.yaml loaded successfully]
[2025-07-14 19:32:07,291 : INFO : common : yaml file: params.yaml loaded successfully]
[2025-07-14 19:32:07,292 : INFO : common : created directory at: artifacts]
[2025-07-14 19:32:07,293 : INFO : common : created directory at: artifacts/data_ingestion]
[2025-07-14 19:32:08,088 : INFO : main : >>>>>> stage Data Ingestion Stage completed <<<<<<

x==========x]
[2025-07-14 19:32:08,089 : INFO : main : ***********************]
[2025-07-14 19:32:08,089 : INFO : main : >>>>>>> stage Prepare base model started <<<<<<<]
[2025-07-14 19:32:08,091 : INFO : common : yaml file: config\config.yaml loaded successfully]
[2025-07-14 19:32:08,095 : INFO : common : yaml file: params.yaml loaded successfully]
[2025-07-14 19:32:08,096 : INFO : common : created directory at: artifacts]
[2025-07-14 19:32:08,097 : INFO : common : created directory at: artifacts/prepare_base_model]
[2025-07-14 19:32:08,811 : WARNING : saving_utils : Compiled the loaded model, but the compiled metrics have yet to be built. `model.compile_metrics` will be empty until you train or evaluate the model.]
[2025-07-14 19:32:09,201 : INFO : main : >>>>>>> stage Prepare base model completed <<<<<<<

x==========x]
[2025-07-14 19:32:09,202 : INFO : main : ***********************]
[2025-07-14 19:32:09,202 : INFO : main : >>>>>>> stage Training started <<<<<<<]
[2025-07-14 19:32:09,206 : INFO : common : yaml file: config\config.yaml loaded successfully]
[2025-07-14 19:32:09,209 : INFO : common : yaml file: params.yaml loaded successfully]
[2025-07-14 19:32:09,210 : INFO : common : created directory at: artifacts]
[2025-07-14 19:32:09,212 : INFO : common : created directory at: artifacts\training]
[2025-07-14 19:42:14,206 : INFO : main : >>>>>>> stage Training completed <<<<<<<

x==========x]
[2025-07-14 19:42:14,206 : INFO : main : ***********************]
[2025-07-14 19:42:14,206 : INFO : main : >>>>>>> stage Evaluation stage started <<<<<<<]
[2025-07-14 19:42:14,210 : INFO : common : yaml file: config\config.yaml loaded successfully]
[2025-07-14 19:42:14,214 : INFO : common : yaml file: params.yaml loaded successfully]
[2025-07-14 19:42:14,216 : INFO : common : created directory at: artifacts]
[2025-07-14 19:42:24,766 : INFO : common : json file saved at: scores.json]
[2025-07-14 19:42:24,768 : INFO : common : json file saved at: scores.json]
[2025-07-14 19:42:28,839 : WARNING : save : Found untraced functions such as _jit_compiled_convolution_op, _jit_compiled_convolution_op, _jit_compiled_convolution_op, _jit_compiled_convolution_op, _jit_compiled_convolution_op while saving (showing 5 of 14). These functions will not be directly callable after loading.]
[2025-07-14 19:42:29,931 : INFO : builder_impl : Assets written to: C:\Users\sohai\AppData\Local\Temp\tmpaoyqxk6j\model\data\model\assets]
[2025-07-14 19:43:41,131 : INFO : main : >>>>>>> stage Evaluation stage completed <<<<<<<

x==========x]
[2025-07-14 22:10:14,801 : INFO : stage_01_data_ingestion : >>>>>> stage Data Ingestion Stage started <<<<<<]
[2025-07-14 22:10:14,804 : INFO : common : yaml file: config\config.yaml loaded successfully]
[2025-07-14 22:10:14,807 : INFO : common : yaml file: params.yaml loaded successfully]
[2025-07-14 22:10:14,808 : INFO : common : created directory at: artifacts]
[2025-07-14 22:10:14,809 : INFO : common : created directory at: artifacts/data_ingestion]
[2025-07-14 22:10:15,649 : INFO : stage_01_data_ingestion : >>>>>> stage Data Ingestion Stage completed <<<<<<

x==========x]
[2025-07-14 22:10:55,900 : INFO : stage_01_data_ingestion : >>>>>> stage Data Ingestion Stage started <<<<<<]
[2025-07-14 22:10:55,903 : INFO : common : yaml file: config\config.yaml loaded successfully]
[2025-07-14 22:10:55,906 : INFO : common : yaml file: params.yaml loaded successfully]
[2025-07-14 22:10:55,907 : INFO : common : created directory at: artifacts]
[2025-07-14 22:10:55,908 : INFO : common : created directory at: artifacts/data_ingestion]
[2025-07-14 22:10:56,693 : INFO : stage_01_data_ingestion : >>>>>> stage Data Ingestion Stage completed <<<<<<

x==========x]
[2025-07-14 22:26:15,467 : INFO : stage_01_data_ingestion : >>>>>> stage Data Ingestion Stage started <<<<<<]
[2025-07-14 22:26:15,470 : INFO : common : yaml file: config\config.yaml loaded successfully]
[2025-07-14 22:26:15,473 : INFO : common : yaml file: params.yaml loaded successfully]
[2025-07-14 22:26:15,474 : INFO : common : created directory at: artifacts]
[2025-07-14 22:26:15,475 : INFO : common : created directory at: artifacts/data_ingestion]
[2025-07-14 22:26:16,193 : INFO : stage_01_data_ingestion : >>>>>> stage Data Ingestion Stage completed <<<<<<

x==========x]
[2025-07-14 22:26:30,128 : INFO : stage_02_prepare_base_model : ***********************]
[2025-07-14 22:26:30,129 : INFO : stage_02_prepare_base_model : >>>>>>> stage Prepare base model started <<<<<<<]
[2025-07-14 22:26:30,131 : INFO : common : yaml file: config\config.yaml loaded successfully]
[2025-07-14 22:26:30,135 : INFO : common : yaml file: params.yaml loaded successfully]
[2025-07-14 22:26:30,135 : INFO : common : created directory at: artifacts]
[2025-07-14 22:26:30,136 : INFO : common : created directory at: artifacts/prepare_base_model]
[2025-07-14 22:26:30,818 : WARNING : saving_utils : Compiled the loaded model, but the compiled metrics have yet to be built. `model.compile_metrics` will be empty until you train or evaluate the model.]
[2025-07-14 22:26:31,075 : INFO : stage_02_prepare_base_model : >>>>>>> stage Prepare base model completed <<<<<<<

x==========x]
[2025-07-14 22:26:41,581 : INFO : stage_03_model_trainer : ***********************]
[2025-07-14 22:26:41,583 : INFO : stage_03_model_trainer : >>>>>>> stage Training started <<<<<<<]
[2025-07-14 22:26:41,586 : INFO : common : yaml file: config\config.yaml loaded successfully]
[2025-07-14 22:26:41,589 : INFO : common : yaml file: params.yaml loaded successfully]
[2025-07-14 22:26:41,590 : INFO : common : created directory at: artifacts]
[2025-07-14 22:26:41,591 : INFO : common : created directory at: artifacts\training]
[2025-07-14 22:36:31,857 : INFO : stage_03_model_trainer : >>>>>>> stage Training completed <<<<<<<

x==========x]
[2025-07-14 22:36:43,010 : INFO : stage_04_model_evaluation : ***********************]
[2025-07-14 22:36:43,011 : INFO : stage_04_model_evaluation : >>>>>>> stage Evaluation stage started <<<<<<<]
[2025-07-14 22:36:43,014 : INFO : common : yaml file: config\config.yaml loaded successfully]
[2025-07-14 22:36:43,017 : INFO : common : yaml file: params.yaml loaded successfully]
[2025-07-14 22:36:43,018 : INFO : common : created directory at: artifacts]
[2025-07-14 22:36:52,942 : INFO : common : json file saved at: scores.json]
[2025-07-14 22:36:52,943 : INFO : common : json file saved at: scores.json]
[2025-07-14 22:36:52,944 : INFO : stage_04_model_evaluation : >>>>>>> stage Evaluation stage completed <<<<<<<

x==========x]
[2025-07-14 23:06:32,024 : INFO : _internal : [31m[1mWARNING: This is a development server. Do not use it in a production deployment. Use a production WSGI server instead.[0m
 * Running on all addresses (0.0.0.0)
 * Running on http://127.0.0.1:8080
 * Running on http://10.7.42.173:8080]
[2025-07-14 23:06:32,024 : INFO : _internal : [33mPress CTRL+C to quit[0m]
[2025-07-14 23:06:50,055 : INFO : _internal : 127.0.0.1 - - [14/Jul/2025 23:06:50] "GET / HTTP/1.1" 200 -]
[2025-07-14 23:07:40,671 : INFO : _internal : 127.0.0.1 - - [14/Jul/2025 23:07:40] "[31m[1mPOST /predict HTTP/1.1[0m" 400 -]
[2025-07-14 23:10:08,456 : INFO : _internal : 127.0.0.1 - - [14/Jul/2025 23:10:08] "GET / HTTP/1.1" 200 -]
[2025-07-14 23:11:08,192 : INFO : _internal : [31m[1mWARNING: This is a development server. Do not use it in a production deployment. Use a production WSGI server instead.[0m
 * Running on all addresses (0.0.0.0)
 * Running on http://127.0.0.1:8080
 * Running on http://10.7.42.173:8080]
[2025-07-14 23:11:08,192 : INFO : _internal : [33mPress CTRL+C to quit[0m]
[2025-07-14 23:11:13,602 : INFO : _internal : 127.0.0.1 - - [14/Jul/2025 23:11:13] "GET / HTTP/1.1" 200 -]
[2025-07-14 23:11:19,239 : INFO : _internal : 10.7.42.173 - - [14/Jul/2025 23:11:19] "GET / HTTP/1.1" 200 -]
[2025-07-14 23:11:28,329 : INFO : _internal : 127.0.0.1 - - [14/Jul/2025 23:11:28] "[31m[1mPOST /predict HTTP/1.1[0m" 400 -]
[2025-07-14 23:12:04,484 : INFO : _internal : [31m[1mWARNING: This is a development server. Do not use it in a production deployment. Use a production WSGI server instead.[0m
 * Running on all addresses (0.0.0.0)
 * Running on http://127.0.0.1:8080
 * Running on http://10.7.42.173:8080]
[2025-07-14 23:12:04,485 : INFO : _internal : [33mPress CTRL+C to quit[0m]
[2025-07-14 23:12:07,294 : INFO : _internal : 127.0.0.1 - - [14/Jul/2025 23:12:07] "GET / HTTP/1.1" 200 -]
[2025-07-14 23:12:15,136 : INFO : _internal : 127.0.0.1 - - [14/Jul/2025 23:12:15] "[31m[1mPOST /predict HTTP/1.1[0m" 400 -]
[2025-07-14 23:14:50,015 : INFO : _internal : [31m[1mWARNING: This is a development server. Do not use it in a production deployment. Use a production WSGI server instead.[0m
 * Running on all addresses (0.0.0.0)
 * Running on http://127.0.0.1:8080
 * Running on http://10.7.42.173:8080]
[2025-07-14 23:14:50,015 : INFO : _internal : [33mPress CTRL+C to quit[0m]
[2025-07-14 23:15:11,809 : INFO : _internal : 127.0.0.1 - - [14/Jul/2025 23:15:11] "GET / HTTP/1.1" 200 -]
[2025-07-14 23:15:21,750 : INFO : _internal : 127.0.0.1 - - [14/Jul/2025 23:15:21] "POST /predict HTTP/1.1" 200 -]
